2025-04-22 12:33:48,391 INFO [my_app:87] views - 6732 5528 Handling request for my_view
2025-04-22 12:33:48,393 DEBUG [my_app:88] views - 6732 5528 This is a debug message
2025-04-22 12:33:48,394 INFO [my_app:89] views - 6732 5528 This is an info message
2025-04-22 12:33:48,394 WARNING [my_app:90] views - 6732 5528 This is a warning message
2025-04-22 12:33:48,394 ERROR [my_app:91] views - 6732 5528 This is an error message
2025-04-22 12:33:48,413 CRITICAL [my_app:92] views - 6732 5528 This is a critical message
2025-04-22 12:33:48,418 DEBUG [my_app:99] views - 6732 5528 Finished processing my_view
2025-04-22 12:56:45,977 INFO [my_app:87] views - 24236 26468 Handling request for my_view
2025-04-22 12:56:45,984 DEBUG [my_app:88] views - 24236 26468 This is a debug message
2025-04-22 12:56:45,985 INFO [my_app:89] views - 24236 26468 This is an info message
2025-04-22 12:56:45,986 WARNING [my_app:90] views - 24236 26468 This is a warning message
2025-04-22 12:56:45,986 ERROR [my_app:91] views - 24236 26468 This is an error message
2025-04-22 12:56:46,047 CRITICAL [my_app:92] views - 24236 26468 This is a critical message
2025-04-22 12:56:46,054 DEBUG [my_app:99] views - 24236 26468 Finished processing my_view
2025-04-22 13:18:44,003 INFO [my_app:87] views - 10216 25648 Handling request for my_view
2025-04-22 13:18:44,010 DEBUG [my_app:88] views - 10216 25648 This is a debug message
2025-04-22 13:18:44,011 INFO [my_app:89] views - 10216 25648 This is an info message
2025-04-22 13:18:44,011 WARNING [my_app:90] views - 10216 25648 This is a warning message
2025-04-22 13:18:44,012 ERROR [my_app:91] views - 10216 25648 This is an error message
2025-04-22 13:18:44,050 CRITICAL [my_app:92] views - 10216 25648 This is a critical message
2025-04-22 13:18:44,056 ERROR [my_app:97] views - 10216 25648 An error occurred: division by zero
2025-04-22 13:18:44,062 DEBUG [my_app:99] views - 10216 25648 Finished processing my_view
2025-04-22 13:19:24,091 INFO [my_app:87] views - 10216 11164 Handling request for my_view
2025-04-22 13:19:24,092 DEBUG [my_app:88] views - 10216 11164 This is a debug message
2025-04-22 13:19:24,092 INFO [my_app:89] views - 10216 11164 This is an info message
2025-04-22 13:19:24,093 WARNING [my_app:90] views - 10216 11164 This is a warning message
2025-04-22 13:19:24,093 ERROR [my_app:91] views - 10216 11164 This is an error message
2025-04-22 13:19:24,106 CRITICAL [my_app:92] views - 10216 11164 This is a critical message
2025-04-22 13:19:24,112 ERROR [my_app:97] views - 10216 11164 An error occurred: division by zero
2025-04-22 13:19:24,118 DEBUG [my_app:99] views - 10216 11164 Finished processing my_view
2025-04-22 13:19:35,474 INFO [my_app:87] views - 10216 23844 Handling request for my_view
2025-04-22 13:19:35,475 DEBUG [my_app:88] views - 10216 23844 This is a debug message
2025-04-22 13:19:35,476 INFO [my_app:89] views - 10216 23844 This is an info message
2025-04-22 13:19:35,476 WARNING [my_app:90] views - 10216 23844 This is a warning message
2025-04-22 13:19:35,477 ERROR [my_app:91] views - 10216 23844 This is an error message
2025-04-22 13:19:35,490 CRITICAL [my_app:92] views - 10216 23844 This is a critical message
2025-04-22 13:19:35,494 ERROR [my_app:97] views - 10216 23844 An error occurred: division by zero
2025-04-22 13:19:35,499 DEBUG [my_app:99] views - 10216 23844 Finished processing my_view
2025-04-22 13:20:48,457 INFO [my_app:87] views - 10216 23848 Handling request for my_view
2025-04-22 13:20:48,458 DEBUG [my_app:88] views - 10216 23848 This is a debug message
2025-04-22 13:20:48,458 INFO [my_app:89] views - 10216 23848 This is an info message
2025-04-22 13:20:48,459 WARNING [my_app:90] views - 10216 23848 This is a warning message
2025-04-22 13:20:48,459 ERROR [my_app:91] views - 10216 23848 This is an error message
2025-04-22 13:20:48,469 CRITICAL [my_app:92] views - 10216 23848 This is a critical message
2025-04-22 13:20:48,474 ERROR [my_app:97] views - 10216 23848 An error occurred: division by zero
2025-04-22 13:20:48,479 DEBUG [my_app:99] views - 10216 23848 Finished processing my_view
2025-04-22 13:30:45,416 INFO [my_app:87] views - 16340 22340 Handling request for my_view
2025-04-22 13:30:45,425 DEBUG [my_app:88] views - 16340 22340 This is a debug message
2025-04-22 13:30:45,426 INFO [my_app:89] views - 16340 22340 This is an info message
2025-04-22 13:30:45,427 WARNING [my_app:90] views - 16340 22340 This is a warning message
2025-04-22 13:30:45,427 ERROR [my_app:91] views - 16340 22340 This is an error message
2025-04-22 13:30:45,483 CRITICAL [my_app:92] views - 16340 22340 This is a critical message
2025-04-22 13:30:45,493 ERROR [my_app:97] views - 16340 22340 An error occurred: division by zero
2025-04-22 13:30:45,496 DEBUG [my_app:99] views - 16340 22340 Finished processing my_view
2025-04-22 13:34:42,697 INFO [my_app:87] views - 22080 23456 Handling request for my_view
2025-04-22 13:34:42,698 DEBUG [my_app:88] views - 22080 23456 This is a debug message
2025-04-22 13:34:42,698 INFO [my_app:89] views - 22080 23456 This is an info message
2025-04-22 13:34:42,699 WARNING [my_app:90] views - 22080 23456 This is a warning message
2025-04-22 13:34:42,700 ERROR [my_app:91] views - 22080 23456 This is an error message
2025-04-22 13:34:42,705 CRITICAL [my_app:92] views - 22080 23456 This is a critical message
2025-04-22 13:34:42,709 ERROR [my_app:97] views - 22080 23456 An error occurred: division by zero
2025-04-22 13:34:42,714 DEBUG [my_app:99] views - 22080 23456 Finished processing my_view
2025-04-22 13:40:25,773 INFO [my_app:87] views - 26408 2776 Handling request for my_view
2025-04-22 13:40:25,774 DEBUG [my_app:88] views - 26408 2776 This is a debug message
2025-04-22 13:40:25,775 INFO [my_app:89] views - 26408 2776 This is an info message
2025-04-22 13:40:25,775 WARNING [my_app:90] views - 26408 2776 This is a warning message
2025-04-22 13:40:25,776 ERROR [my_app:91] views - 26408 2776 This is an error message
2025-04-22 13:40:25,802 CRITICAL [my_app:92] views - 26408 2776 This is a critical message
2025-04-22 13:40:25,808 ERROR [my_app:97] views - 26408 2776 An error occurred: division by zero
2025-04-22 13:40:25,812 DEBUG [my_app:99] views - 26408 2776 Finished processing my_view
2025-04-22 13:41:04,956 INFO [my_app:87] views - 16916 23112 Handling request for my_view
2025-04-22 13:41:04,957 DEBUG [my_app:88] views - 16916 23112 This is a debug message
2025-04-22 13:41:04,958 INFO [my_app:89] views - 16916 23112 This is an info message
2025-04-22 13:41:04,959 WARNING [my_app:90] views - 16916 23112 This is a warning message
2025-04-22 13:41:04,959 ERROR [my_app:91] views - 16916 23112 This is an error message
2025-04-22 13:41:04,969 CRITICAL [my_app:92] views - 16916 23112 This is a critical message
2025-04-22 13:41:04,977 ERROR [my_app:97] views - 16916 23112 An error occurred: division by zero
2025-04-22 13:41:04,983 DEBUG [my_app:99] views - 16916 23112 Finished processing my_view
2025-04-22 13:42:11,531 INFO [my_app:87] views - 13664 25592 Handling request for my_view
2025-04-22 13:42:11,532 DEBUG [my_app:88] views - 13664 25592 This is a debug message
2025-04-22 13:42:11,532 INFO [my_app:89] views - 13664 25592 This is an info message
2025-04-22 13:42:11,533 WARNING [my_app:90] views - 13664 25592 This is a warning message
2025-04-22 13:42:11,533 ERROR [my_app:91] views - 13664 25592 This is an error message
2025-04-22 13:42:11,539 CRITICAL [my_app:92] views - 13664 25592 This is a critical message
2025-04-22 13:42:11,543 ERROR [my_app:97] views - 13664 25592 An error occurred: division by zero
2025-04-22 13:42:11,549 DEBUG [my_app:99] views - 13664 25592 Finished processing my_view
2025-04-22 13:43:04,994 INFO [my_app:87] views - 17896 24256 Handling request for my_view
2025-04-22 13:43:04,995 DEBUG [my_app:88] views - 17896 24256 This is a debug message
2025-04-22 13:43:04,995 INFO [my_app:89] views - 17896 24256 This is an info message
2025-04-22 13:43:04,996 WARNING [my_app:90] views - 17896 24256 This is a warning message
2025-04-22 13:43:04,996 ERROR [my_app:91] views - 17896 24256 This is an error message
2025-04-22 13:43:05,002 CRITICAL [my_app:92] views - 17896 24256 This is a critical message
2025-04-22 13:43:05,007 ERROR [my_app:97] views - 17896 24256 An error occurred: division by zero
2025-04-22 13:43:05,012 DEBUG [my_app:99] views - 17896 24256 Finished processing my_view
2025-04-22 13:45:24,765 INFO [my_app:87] views - 17896 3980 Handling request for my_view
2025-04-22 13:45:24,774 DEBUG [my_app:88] views - 17896 3980 This is a debug message
2025-04-22 13:45:24,777 INFO [my_app:89] views - 17896 3980 This is an info message
2025-04-22 13:45:24,778 WARNING [my_app:90] views - 17896 3980 This is a warning message
2025-04-22 13:45:24,778 ERROR [my_app:91] views - 17896 3980 This is an error message
2025-04-22 13:45:24,803 CRITICAL [my_app:92] views - 17896 3980 This is a critical message
2025-04-22 13:45:24,807 ERROR [my_app:97] views - 17896 3980 An error occurred: division by zero
2025-04-22 13:45:24,811 DEBUG [my_app:99] views - 17896 3980 Finished processing my_view
2025-04-22 13:51:45,834 INFO [my_app:87] views - 26292 26504 Handling request for my_view
2025-04-22 13:51:45,838 DEBUG [my_app:88] views - 26292 26504 This is a debug message
2025-04-22 13:51:45,838 INFO [my_app:89] views - 26292 26504 This is an info message
2025-04-22 13:51:45,839 WARNING [my_app:90] views - 26292 26504 This is a warning message
2025-04-22 13:51:45,839 ERROR [my_app:91] views - 26292 26504 This is an error message
2025-04-22 13:51:45,854 CRITICAL [my_app:92] views - 26292 26504 This is a critical message
2025-04-22 13:51:45,861 ERROR [my_app:97] views - 26292 26504 An error occurred: division by zero
2025-04-22 13:51:45,867 DEBUG [my_app:99] views - 26292 26504 Finished processing my_view
2025-04-22 13:54:14,953 INFO [my_app:87] views - 26292 21804 Handling request for my_view
2025-04-22 13:54:14,959 DEBUG [my_app:88] views - 26292 21804 This is a debug message
2025-04-22 13:54:14,959 INFO [my_app:89] views - 26292 21804 This is an info message
2025-04-22 13:54:14,960 WARNING [my_app:90] views - 26292 21804 This is a warning message
2025-04-22 13:54:14,961 ERROR [my_app:91] views - 26292 21804 This is an error message
2025-04-22 13:54:14,967 CRITICAL [my_app:92] views - 26292 21804 This is a critical message
2025-04-22 13:54:14,973 ERROR [my_app:97] views - 26292 21804 An error occurred: division by zero
2025-04-22 13:54:14,979 DEBUG [my_app:99] views - 26292 21804 Finished processing my_view
2025-04-22 14:00:05,896 INFO [my_app:87] views - 26292 22056 Handling request for my_view
2025-04-22 14:00:05,909 DEBUG [my_app:88] views - 26292 22056 This is a debug message
2025-04-22 14:00:05,911 INFO [my_app:89] views - 26292 22056 This is an info message
2025-04-22 14:00:05,911 WARNING [my_app:90] views - 26292 22056 This is a warning message
2025-04-22 14:00:05,912 ERROR [my_app:91] views - 26292 22056 This is an error message
2025-04-22 14:00:05,937 CRITICAL [my_app:92] views - 26292 22056 This is a critical message
2025-04-22 14:00:05,950 ERROR [my_app:97] views - 26292 22056 An error occurred: division by zero
2025-04-22 14:00:05,964 DEBUG [my_app:99] views - 26292 22056 Finished processing my_view
